<?xml version="1.0" encoding="UTF-8"?>
<testng-results skipped="0" failed="1" ignored="0" total="2" passed="1">
  <reporter-output>
  </reporter-output>
  <suite name="Suite" duration-ms="53668" started-at="2021-05-12T14:44:13 IST" finished-at="2021-05-12T14:45:07 IST">
    <groups>
      <group name="Sanity">
        <method signature="LoginTest.loginTest(java.util.Hashtable)[pri:0, instance:com.sinch.ipx.testcases.LoginTest@704a52ec]" name="loginTest" class="com.sinch.ipx.testcases.LoginTest"/>
      </group> <!-- Sanity -->
      <group name="Smoke">
        <method signature="LoginTest.loginTest(java.util.Hashtable)[pri:0, instance:com.sinch.ipx.testcases.LoginTest@704a52ec]" name="loginTest" class="com.sinch.ipx.testcases.LoginTest"/>
      </group> <!-- Smoke -->
    </groups>
    <test name="Test_all" duration-ms="53668" started-at="2021-05-12T14:44:13 IST" finished-at="2021-05-12T14:45:07 IST">
      <class name="com.sinch.ipx.testcases.LoginTest">
        <test-method status="PASS" signature="beforeSuite()[pri:0, instance:com.sinch.ipx.testcases.LoginTest@704a52ec]" name="beforeSuite" is-config="true" duration-ms="125" started-at="2021-05-12T14:44:13 IST" finished-at="2021-05-12T14:44:13 IST">
          <reporter-output>
          </reporter-output>
        </test-method> <!-- beforeSuite -->
        <test-method status="PASS" signature="setup()[pri:0, instance:com.sinch.ipx.testcases.LoginTest@704a52ec]" name="setup" is-config="true" duration-ms="6872" started-at="2021-05-12T14:44:13 IST" finished-at="2021-05-12T14:44:20 IST">
          <reporter-output>
          </reporter-output>
        </test-method> <!-- setup -->
        <test-method status="PASS" signature="loginTest(java.util.Hashtable)[pri:0, instance:com.sinch.ipx.testcases.LoginTest@704a52ec]" name="loginTest" duration-ms="16558" started-at="2021-05-12T14:44:20 IST" description="This testcase tests the login functionality." data-provider="getHomePageUrlTestData" finished-at="2021-05-12T14:44:37 IST">
          <params>
            <param index="0">
              <value>
                <![CDATA[{testcase_name=home_page_url_test, homepageurl=http://10.20.0.123:8080/IPX/index.html}]]>
              </value>
            </param>
          </params>
          <reporter-output>
          </reporter-output>
        </test-method> <!-- loginTest -->
        <test-method status="PASS" signature="tearDown()[pri:0, instance:com.sinch.ipx.testcases.LoginTest@704a52ec]" name="tearDown" is-config="true" duration-ms="117" started-at="2021-05-12T14:44:37 IST" finished-at="2021-05-12T14:44:37 IST">
          <reporter-output>
          </reporter-output>
        </test-method> <!-- tearDown -->
        <test-method status="PASS" signature="setup()[pri:0, instance:com.sinch.ipx.testcases.LoginTest@704a52ec]" name="setup" is-config="true" duration-ms="9321" started-at="2021-05-12T14:44:37 IST" finished-at="2021-05-12T14:44:46 IST">
          <reporter-output>
          </reporter-output>
        </test-method> <!-- setup -->
        <test-method status="FAIL" signature="loginTest(java.util.Hashtable)[pri:0, instance:com.sinch.ipx.testcases.LoginTest@704a52ec]" name="loginTest" duration-ms="19452" started-at="2021-05-12T14:44:46 IST" description="This testcase tests the login functionality." data-provider="getHomePageUrlTestData" finished-at="2021-05-12T14:45:06 IST">
          <params>
            <param index="0">
              <value>
                <![CDATA[{testcase_name=home_page_url_test, homepageurl=www.google.com}]]>
              </value>
            </param>
          </params>
          <exception class="java.lang.AssertionError">
            <message>
              <![CDATA[expected [www.google.com] but found [http://10.20.0.123:8080/IPX/index.html]]]>
            </message>
            <full-stacktrace>
              <![CDATA[java.lang.AssertionError: expected [www.google.com] but found [http://10.20.0.123:8080/IPX/index.html]
at org.testng.Assert.fail(Assert.java:97)
at org.testng.Assert.assertEqualsImpl(Assert.java:136)
at org.testng.Assert.assertEquals(Assert.java:118)
at org.testng.Assert.assertEquals(Assert.java:575)
at org.testng.Assert.assertEquals(Assert.java:585)
at com.sinch.ipx.testcases.LoginTest.loginTest(LoginTest.java:38)
at sun.reflect.NativeMethodAccessorImpl.invoke0(Native Method)
at sun.reflect.NativeMethodAccessorImpl.invoke(NativeMethodAccessorImpl.java:62)
at sun.reflect.DelegatingMethodAccessorImpl.invoke(DelegatingMethodAccessorImpl.java:43)
at java.lang.reflect.Method.invoke(Method.java:498)
at org.testng.internal.MethodInvocationHelper.invokeMethod(MethodInvocationHelper.java:134)
at org.testng.internal.TestInvoker.invokeMethod(TestInvoker.java:597)
at org.testng.internal.TestInvoker.invokeTestMethod(TestInvoker.java:173)
at org.testng.internal.MethodRunner.runInSequence(MethodRunner.java:46)
at org.testng.internal.TestInvoker$MethodInvocationAgent.invoke(TestInvoker.java:816)
at org.testng.internal.TestInvoker.invokeTestMethods(TestInvoker.java:146)
at org.testng.internal.TestMethodWorker.invokeTestMethods(TestMethodWorker.java:146)
at org.testng.internal.TestMethodWorker.run(TestMethodWorker.java:128)
at java.util.ArrayList.forEach(ArrayList.java:1257)
at org.testng.TestRunner.privateRun(TestRunner.java:766)
at org.testng.TestRunner.run(TestRunner.java:587)
at org.testng.SuiteRunner.runTest(SuiteRunner.java:384)
at org.testng.SuiteRunner.runSequentially(SuiteRunner.java:378)
at org.testng.SuiteRunner.privateRun(SuiteRunner.java:337)
at org.testng.SuiteRunner.run(SuiteRunner.java:286)
at org.testng.SuiteRunnerWorker.runSuite(SuiteRunnerWorker.java:53)
at org.testng.SuiteRunnerWorker.run(SuiteRunnerWorker.java:96)
at org.testng.TestNG.runSuitesSequentially(TestNG.java:1187)
at org.testng.TestNG.runSuitesLocally(TestNG.java:1109)
at org.testng.TestNG.runSuites(TestNG.java:1039)
at org.testng.TestNG.run(TestNG.java:1007)
at org.testng.remote.AbstractRemoteTestNG.run(AbstractRemoteTestNG.java:115)
at org.testng.remote.RemoteTestNG.initAndRun(RemoteTestNG.java:251)
at org.testng.remote.RemoteTestNG.main(RemoteTestNG.java:77)
]]>
            </full-stacktrace>
          </exception> <!-- java.lang.AssertionError -->
          <reporter-output>
          </reporter-output>
        </test-method> <!-- loginTest -->
        <test-method status="PASS" signature="tearDown()[pri:0, instance:com.sinch.ipx.testcases.LoginTest@704a52ec]" name="tearDown" is-config="true" duration-ms="94" started-at="2021-05-12T14:45:06 IST" finished-at="2021-05-12T14:45:07 IST">
          <reporter-output>
          </reporter-output>
        </test-method> <!-- tearDown -->
        <test-method status="PASS" signature="endSetup()[pri:0, instance:com.sinch.ipx.testcases.LoginTest@704a52ec]" name="endSetup" is-config="true" duration-ms="5287" started-at="2021-05-12T14:45:07 IST" finished-at="2021-05-12T14:45:12 IST">
          <reporter-output>
          </reporter-output>
        </test-method> <!-- endSetup -->
      </class> <!-- com.sinch.ipx.testcases.LoginTest -->
    </test> <!-- Test_all -->
  </suite> <!-- Suite -->
</testng-results>
